2020-07-02 01:25:29.769  WARN 19800 --- [https-jsse-nio-8445-exec-9] o.h.engine.jdbc.spi.SqlExceptionHelper   : SQL Error: 515, SQLState: 23000
2020-07-02 01:25:29.829 ERROR 19800 --- [https-jsse-nio-8445-exec-9] o.h.engine.jdbc.spi.SqlExceptionHelper   : No se puede insertar el valor NULL en la columna 'pr_credito_disponible', tabla 'despo.dbo.cuenta_cliente'. La columna no admite valores NULL. Error de INSERT.
2020-07-02 01:25:30.059 ERROR 19800 --- [https-jsse-nio-8445-exec-9] c.v.v.r.u.CuentaClienteRestController    : could not execute statement; SQL [n/a]; constraint [null]; nested exception is org.hibernate.exception.ConstraintViolationException: could not execute statement
2020-07-02 01:26:04.481  INFO 11928 --- [main] c.v.v.VgmInterface1Application           : Starting VgmInterface1Application on Mauricio-VAIO with PID 11928 (D:\DesarrolloJava\VGMInterface\target\classes started by Mauricio in D:\DesarrolloJava\VGMInterface)
2020-07-02 01:26:04.491  INFO 11928 --- [main] c.v.v.VgmInterface1Application           : No active profile set, falling back to default profiles: default
2020-07-02 01:26:06.796  INFO 11928 --- [main] .s.d.r.c.RepositoryConfigurationDelegate : Bootstrapping Spring Data JPA repositories in DEFERRED mode.
2020-07-02 01:26:07.148  INFO 11928 --- [main] .s.d.r.c.RepositoryConfigurationDelegate : Finished Spring Data repository scanning in 325ms. Found 16 JPA repository interfaces.
2020-07-02 01:26:08.167  INFO 11928 --- [main] trationDelegate$BeanPostProcessorChecker : Bean 'org.springframework.security.access.expression.method.DefaultMethodSecurityExpressionHandler@19650aa6' of type [org.springframework.security.access.expression.method.DefaultMethodSecurityExpressionHandler] is not eligible for getting processed by all BeanPostProcessors (for example: not eligible for auto-proxying)
2020-07-02 01:26:08.217  INFO 11928 --- [main] trationDelegate$BeanPostProcessorChecker : Bean 'methodSecurityMetadataSource' of type [org.springframework.security.access.method.DelegatingMethodSecurityMetadataSource] is not eligible for getting processed by all BeanPostProcessors (for example: not eligible for auto-proxying)
2020-07-02 01:26:08.996  INFO 11928 --- [main] o.s.b.w.embedded.tomcat.TomcatWebServer  : Tomcat initialized with port(s): 8445 (https)
2020-07-02 01:26:09.018  INFO 11928 --- [main] o.apache.catalina.core.StandardService   : Starting service [Tomcat]
2020-07-02 01:26:09.019  INFO 11928 --- [main] org.apache.catalina.core.StandardEngine  : Starting Servlet engine: [Apache Tomcat/9.0.36]
2020-07-02 01:26:09.224  INFO 11928 --- [main] o.a.c.c.C.[Tomcat].[localhost].[/]       : Initializing Spring embedded WebApplicationContext
2020-07-02 01:26:09.224  INFO 11928 --- [main] w.s.c.ServletWebServerApplicationContext : Root WebApplicationContext: initialization completed in 4597 ms
2020-07-02 01:26:09.723  INFO 11928 --- [main] o.s.s.concurrent.ThreadPoolTaskExecutor  : Initializing ExecutorService 'applicationTaskExecutor'
2020-07-02 01:26:09.746  INFO 11928 --- [main] com.zaxxer.hikari.HikariDataSource       : HikariPool-1 - Starting...
2020-07-02 01:26:10.856  INFO 11928 --- [main] com.zaxxer.hikari.HikariDataSource       : HikariPool-1 - Start completed.
2020-07-02 01:26:10.984  INFO 11928 --- [task-1] o.hibernate.jpa.internal.util.LogHelper  : HHH000204: Processing PersistenceUnitInfo [name: default]
2020-07-02 01:26:11.132  WARN 11928 --- [main] JpaBaseConfiguration$JpaWebConfiguration : spring.jpa.open-in-view is enabled by default. Therefore, database queries may be performed during view rendering. Explicitly configure spring.jpa.open-in-view to disable this warning
2020-07-02 01:26:11.202  INFO 11928 --- [task-1] org.hibernate.Version                    : HHH000412: Hibernate ORM core version 5.4.17.Final
2020-07-02 01:26:11.653  INFO 11928 --- [task-1] o.hibernate.annotations.common.Version   : HCANN000001: Hibernate Commons Annotations {5.1.0.Final}
2020-07-02 01:26:11.870  INFO 11928 --- [main] o.s.s.web.DefaultSecurityFilterChain     : Creating filter chain: any request, [org.springframework.security.web.context.request.async.WebAsyncManagerIntegrationFilter@448c92fc, org.springframework.security.web.context.SecurityContextPersistenceFilter@7f8a9454, org.springframework.security.web.header.HeaderWriterFilter@4b03cbad, org.springframework.security.web.authentication.logout.LogoutFilter@57151b3a, com.vgmsistemas.vgminterface.security.JwtRequestFilter@2ef0dd86, org.springframework.security.web.savedrequest.RequestCacheAwareFilter@679d0be8, org.springframework.security.web.servletapi.SecurityContextHolderAwareRequestFilter@361cd35c, org.springframework.security.web.authentication.AnonymousAuthenticationFilter@251c8145, org.springframework.security.web.session.SessionManagementFilter@3757e8e2, org.springframework.security.web.access.ExceptionTranslationFilter@14b275bd, org.springframework.security.web.access.intercept.FilterSecurityInterceptor@4966bab1]
2020-07-02 01:26:11.974  INFO 11928 --- [task-1] org.hibernate.dialect.Dialect            : HHH000400: Using dialect: org.hibernate.dialect.SQLServer2008Dialect
2020-07-02 01:26:13.505  INFO 11928 --- [main] o.s.b.w.embedded.tomcat.TomcatWebServer  : Tomcat started on port(s): 8445 (https) with context path ''
2020-07-02 01:26:13.512  INFO 11928 --- [main] DeferredRepositoryInitializationListener : Triggering deferred initialization of Spring Data repositories…
2020-07-02 01:26:13.976  INFO 11928 --- [task-1] org.hibernate.tuple.PojoInstantiator     : HHH000182: No default (no-argument) constructor for class: com.vgmsistemas.vgminterface.entity.CanalProvRubro (class must be instantiated by Interceptor)
2020-07-02 01:26:13.992  INFO 11928 --- [task-1] org.hibernate.tuple.PojoInstantiator     : HHH000182: No default (no-argument) constructor for class: com.vgmsistemas.vgminterface.entity.Usuario (class must be instantiated by Interceptor)
2020-07-02 01:26:14.054  INFO 11928 --- [task-1] org.hibernate.tuple.PojoInstantiator     : HHH000182: No default (no-argument) constructor for class: com.vgmsistemas.vgminterface.entity.CanalProveedor (class must be instantiated by Interceptor)
2020-07-02 01:26:14.497  INFO 11928 --- [task-1] o.h.e.t.j.p.i.JtaPlatformInitiator       : HHH000490: Using JtaPlatform implementation: [org.hibernate.engine.transaction.jta.platform.internal.NoJtaPlatform]
2020-07-02 01:26:14.518  INFO 11928 --- [task-1] j.LocalContainerEntityManagerFactoryBean : Initialized JPA EntityManagerFactory for persistence unit 'default'
2020-07-02 01:26:16.666  INFO 11928 --- [main] DeferredRepositoryInitializationListener : Spring Data repositories initialized!
2020-07-02 01:26:16.678  INFO 11928 --- [main] c.v.v.VgmInterface1Application           : Started VgmInterface1Application in 13.939 seconds (JVM running for 16.334)
2020-07-02 01:26:28.688  INFO 11928 --- [https-jsse-nio-8445-exec-8] o.a.c.c.C.[Tomcat].[localhost].[/]       : Initializing Spring DispatcherServlet 'dispatcherServlet'
2020-07-02 01:26:28.689  INFO 11928 --- [https-jsse-nio-8445-exec-8] o.s.web.servlet.DispatcherServlet        : Initializing Servlet 'dispatcherServlet'
2020-07-02 01:26:28.708  INFO 11928 --- [https-jsse-nio-8445-exec-8] o.s.web.servlet.DispatcherServlet        : Completed initialization in 18 ms
2020-07-02 01:26:30.087  WARN 11928 --- [https-jsse-nio-8445-exec-8] o.h.engine.jdbc.spi.SqlExceptionHelper   : SQL Error: 515, SQLState: 23000
2020-07-02 01:26:30.087 ERROR 11928 --- [https-jsse-nio-8445-exec-8] o.h.engine.jdbc.spi.SqlExceptionHelper   : No se puede insertar el valor NULL en la columna 'pr_credito_disponible', tabla 'despo.dbo.cuenta_cliente'. La columna no admite valores NULL. Error de INSERT.
2020-07-02 01:26:30.138 ERROR 11928 --- [https-jsse-nio-8445-exec-8] c.v.v.r.u.CuentaClienteRestController    : could not execute statement; SQL [n/a]; constraint [null]; nested exception is org.hibernate.exception.ConstraintViolationException: could not execute statement
2020-07-02 01:27:32.877  WARN 11928 --- [https-jsse-nio-8445-exec-2] o.h.engine.jdbc.spi.SqlExceptionHelper   : SQL Error: 515, SQLState: 23000
2020-07-02 01:27:32.878 ERROR 11928 --- [https-jsse-nio-8445-exec-2] o.h.engine.jdbc.spi.SqlExceptionHelper   : No se puede insertar el valor NULL en la columna 'pr_credito_disponible', tabla 'despo.dbo.cuenta_cliente'. La columna no admite valores NULL. Error de INSERT.
2020-07-02 01:27:32.879 ERROR 11928 --- [https-jsse-nio-8445-exec-2] c.v.v.r.u.CuentaClienteRestController    : could not execute statement; SQL [n/a]; constraint [null]; nested exception is org.hibernate.exception.ConstraintViolationException: could not execute statement
2020-07-02 01:29:34.106  INFO 11928 --- [RMI TCP Connection(14)-127.0.0.1] inMXBeanRegistrar$SpringApplicationAdmin : Application shutdown requested.
2020-07-02 01:29:34.389  INFO 11928 --- [RMI TCP Connection(14)-127.0.0.1] j.LocalContainerEntityManagerFactoryBean : Closing JPA EntityManagerFactory for persistence unit 'default'
2020-07-02 01:29:34.394  INFO 11928 --- [RMI TCP Connection(14)-127.0.0.1] o.s.s.concurrent.ThreadPoolTaskExecutor  : Shutting down ExecutorService 'applicationTaskExecutor'
2020-07-02 01:29:34.395  INFO 11928 --- [RMI TCP Connection(14)-127.0.0.1] com.zaxxer.hikari.HikariDataSource       : HikariPool-1 - Shutdown initiated...
2020-07-02 01:29:34.402  INFO 11928 --- [RMI TCP Connection(14)-127.0.0.1] com.zaxxer.hikari.HikariDataSource       : HikariPool-1 - Shutdown completed.
2020-07-02 01:29:51.380  INFO 15196 --- [main] c.v.v.VgmInterface1Application           : Starting VgmInterface1Application on Mauricio-VAIO with PID 15196 (D:\DesarrolloJava\VGMInterface\target\classes started by Mauricio in D:\DesarrolloJava\VGMInterface)
2020-07-02 01:29:51.388  INFO 15196 --- [main] c.v.v.VgmInterface1Application           : No active profile set, falling back to default profiles: default
2020-07-02 01:29:53.333  INFO 15196 --- [main] .s.d.r.c.RepositoryConfigurationDelegate : Bootstrapping Spring Data JPA repositories in DEFERRED mode.
2020-07-02 01:29:53.678  INFO 15196 --- [main] .s.d.r.c.RepositoryConfigurationDelegate : Finished Spring Data repository scanning in 318ms. Found 16 JPA repository interfaces.
2020-07-02 01:29:54.504  INFO 15196 --- [main] trationDelegate$BeanPostProcessorChecker : Bean 'org.springframework.security.access.expression.method.DefaultMethodSecurityExpressionHandler@f679798' of type [org.springframework.security.access.expression.method.DefaultMethodSecurityExpressionHandler] is not eligible for getting processed by all BeanPostProcessors (for example: not eligible for auto-proxying)
2020-07-02 01:29:54.517  INFO 15196 --- [main] trationDelegate$BeanPostProcessorChecker : Bean 'methodSecurityMetadataSource' of type [org.springframework.security.access.method.DelegatingMethodSecurityMetadataSource] is not eligible for getting processed by all BeanPostProcessors (for example: not eligible for auto-proxying)
2020-07-02 01:29:55.191  INFO 15196 --- [main] o.s.b.w.embedded.tomcat.TomcatWebServer  : Tomcat initialized with port(s): 8445 (https)
2020-07-02 01:29:55.217  INFO 15196 --- [main] o.apache.catalina.core.StandardService   : Starting service [Tomcat]
2020-07-02 01:29:55.218  INFO 15196 --- [main] org.apache.catalina.core.StandardEngine  : Starting Servlet engine: [Apache Tomcat/9.0.36]
2020-07-02 01:29:55.407  INFO 15196 --- [main] o.a.c.c.C.[Tomcat].[localhost].[/]       : Initializing Spring embedded WebApplicationContext
2020-07-02 01:29:55.408  INFO 15196 --- [main] w.s.c.ServletWebServerApplicationContext : Root WebApplicationContext: initialization completed in 3926 ms
2020-07-02 01:29:55.911  INFO 15196 --- [main] o.s.s.concurrent.ThreadPoolTaskExecutor  : Initializing ExecutorService 'applicationTaskExecutor'
2020-07-02 01:29:55.932  INFO 15196 --- [main] com.zaxxer.hikari.HikariDataSource       : HikariPool-1 - Starting...
2020-07-02 01:29:56.975  INFO 15196 --- [main] com.zaxxer.hikari.HikariDataSource       : HikariPool-1 - Start completed.
2020-07-02 01:29:57.126  INFO 15196 --- [task-1] o.hibernate.jpa.internal.util.LogHelper  : HHH000204: Processing PersistenceUnitInfo [name: default]
2020-07-02 01:29:57.250  WARN 15196 --- [main] JpaBaseConfiguration$JpaWebConfiguration : spring.jpa.open-in-view is enabled by default. Therefore, database queries may be performed during view rendering. Explicitly configure spring.jpa.open-in-view to disable this warning
2020-07-02 01:29:57.341  INFO 15196 --- [task-1] org.hibernate.Version                    : HHH000412: Hibernate ORM core version 5.4.17.Final
2020-07-02 01:29:57.833  INFO 15196 --- [task-1] o.hibernate.annotations.common.Version   : HCANN000001: Hibernate Commons Annotations {5.1.0.Final}
2020-07-02 01:29:58.033  INFO 15196 --- [main] o.s.s.web.DefaultSecurityFilterChain     : Creating filter chain: any request, [org.springframework.security.web.context.request.async.WebAsyncManagerIntegrationFilter@5a05dd30, org.springframework.security.web.context.SecurityContextPersistenceFilter@47044f7d, org.springframework.security.web.header.HeaderWriterFilter@4b957db0, org.springframework.security.web.authentication.logout.LogoutFilter@501957bf, com.vgmsistemas.vgminterface.security.JwtRequestFilter@14998e21, org.springframework.security.web.savedrequest.RequestCacheAwareFilter@8fcc534, org.springframework.security.web.servletapi.SecurityContextHolderAwareRequestFilter@3b4086c1, org.springframework.security.web.authentication.AnonymousAuthenticationFilter@1b52699c, org.springframework.security.web.session.SessionManagementFilter@679d0be8, org.springframework.security.web.access.ExceptionTranslationFilter@5c313224, org.springframework.security.web.access.intercept.FilterSecurityInterceptor@5aa76ad2]
2020-07-02 01:29:58.143  INFO 15196 --- [task-1] org.hibernate.dialect.Dialect            : HHH000400: Using dialect: org.hibernate.dialect.SQLServer2008Dialect
2020-07-02 01:29:59.796  INFO 15196 --- [main] o.s.b.w.embedded.tomcat.TomcatWebServer  : Tomcat started on port(s): 8445 (https) with context path ''
2020-07-02 01:29:59.803  INFO 15196 --- [main] DeferredRepositoryInitializationListener : Triggering deferred initialization of Spring Data repositories…
2020-07-02 01:30:00.313  INFO 15196 --- [task-1] org.hibernate.tuple.PojoInstantiator     : HHH000182: No default (no-argument) constructor for class: com.vgmsistemas.vgminterface.entity.CanalProvRubro (class must be instantiated by Interceptor)
2020-07-02 01:30:00.336  INFO 15196 --- [task-1] org.hibernate.tuple.PojoInstantiator     : HHH000182: No default (no-argument) constructor for class: com.vgmsistemas.vgminterface.entity.Usuario (class must be instantiated by Interceptor)
2020-07-02 01:30:00.403  INFO 15196 --- [task-1] org.hibernate.tuple.PojoInstantiator     : HHH000182: No default (no-argument) constructor for class: com.vgmsistemas.vgminterface.entity.CanalProveedor (class must be instantiated by Interceptor)
2020-07-02 01:30:00.820  INFO 15196 --- [task-1] o.h.e.t.j.p.i.JtaPlatformInitiator       : HHH000490: Using JtaPlatform implementation: [org.hibernate.engine.transaction.jta.platform.internal.NoJtaPlatform]
2020-07-02 01:30:00.839  INFO 15196 --- [task-1] j.LocalContainerEntityManagerFactoryBean : Initialized JPA EntityManagerFactory for persistence unit 'default'
2020-07-02 01:30:02.940  INFO 15196 --- [main] DeferredRepositoryInitializationListener : Spring Data repositories initialized!
2020-07-02 01:30:02.957  INFO 15196 --- [main] c.v.v.VgmInterface1Application           : Started VgmInterface1Application in 12.402 seconds (JVM running for 14.468)
2020-07-02 01:30:15.093  INFO 15196 --- [https-jsse-nio-8445-exec-5] o.a.c.c.C.[Tomcat].[localhost].[/]       : Initializing Spring DispatcherServlet 'dispatcherServlet'
2020-07-02 01:30:15.093  INFO 15196 --- [https-jsse-nio-8445-exec-5] o.s.web.servlet.DispatcherServlet        : Initializing Servlet 'dispatcherServlet'
2020-07-02 01:30:15.110  INFO 15196 --- [https-jsse-nio-8445-exec-5] o.s.web.servlet.DispatcherServlet        : Completed initialization in 16 ms
